2021-05-10 00:07:46.763 +03:00 [ERR] System.Collections.Generic.List`1[FluentValidation.Results.ValidationFailure]
2021-05-10 00:10:04.620 +03:00 [ERR] 'page' must not be empty.'page' must not be empty.'offset' must not be empty.'offset' must not be empty.
2021-05-10 00:18:15.463 +03:00 [INF] All Categories returned...
2021-05-10 00:21:30.387 +03:00 [INF] All Categories returned...
2021-05-10 00:25:54.948 +03:00 [INF] All Categories returned...
2021-05-10 00:27:29.330 +03:00 [INF] All Categories returned...
2021-05-10 16:42:57.336 +03:00 [INF] All Categories returned...
2021-05-10 16:43:40.573 +03:00 [ERR] 'Category Id' must not be empty.
2021-05-10 16:44:16.676 +03:00 [INF] Category returned...
2021-05-10 17:00:22.945 +03:00 [INF] All Categories returned...
2021-05-10 17:00:33.597 +03:00 [INF] Category returned...
2021-05-10 17:27:42.782 +03:00 [INF] All Categories returned...
2021-05-10 17:28:00.604 +03:00 [INF] Category returned...
2021-05-10 17:28:44.660 +03:00 [ERR] 'sort' must be less than '2'.
2021-05-10 17:29:07.402 +03:00 [INF] Category added...
2021-05-10 17:30:36.188 +03:00 [INF] All Categories returned...
2021-05-10 17:31:02.399 +03:00 [INF] Category added...
2021-05-10 17:31:20.586 +03:00 [INF] Category deleted...
2021-05-10 17:34:06.460 +03:00 [INF] All Categories returned...
2021-05-10 17:34:54.522 +03:00 [INF] Category updated...
2021-05-10 18:57:00.216 +03:00 [INF] All Categories returned...
2021-05-10 18:58:48.766 +03:00 [INF] Category added...
2021-05-10 18:59:01.761 +03:00 [INF] Category added...
2021-05-10 18:59:15.308 +03:00 [INF] Category added...
2021-05-10 18:59:33.271 +03:00 [INF] Category added...
2021-05-10 18:59:45.130 +03:00 [INF] Category added...
2021-05-10 18:59:48.947 +03:00 [INF] All Categories returned...
2021-05-10 18:59:59.782 +03:00 [INF] All Categories returned...
2021-05-10 19:00:04.974 +03:00 [INF] All Categories returned...
2021-05-10 19:00:12.935 +03:00 [INF] All Categories returned...
2021-05-10 19:38:46.160 +03:00 [INF] All Categories returned...
2021-05-10 19:40:06.259 +03:00 [INF] All Categories returned...
2021-05-10 20:50:33.022 +03:00 [INF] Starting category services...
2021-05-10 21:04:59.048 +03:00 [INF] Category added...
2021-05-10 21:10:57.160 +03:00 [INF] Category added...
2021-05-10 21:10:57.290 +03:00 [INF] Category queue added
2021-05-10 21:38:02.840 +03:00 [INF] Category added...
2021-05-10 21:38:03.022 +03:00 [INF] Category queue added...
2021-05-10 21:38:03.103 +03:00 [INF] Kampanya category read from queue...
2021-05-10 21:38:03.103 +03:00 [INF] İndirim category read from queue...
2021-05-10 22:01:46.812 +03:00 [INF] Starting category services...
2021-05-10 22:21:03.165 +03:00 [INF] All Categories returned...
2021-05-10 22:27:51.489 +03:00 [INF] 1 added to cache...
2021-05-10 22:27:51.518 +03:00 [INF] Category returned...
2021-05-10 22:28:12.360 +03:00 [INF] 1 getting from cache...
2021-05-10 22:28:12.407 +03:00 [INF] Category returned...
2021-05-10 22:31:34.724 +03:00 [INF] 1 getting from cache...
2021-05-10 22:31:34.726 +03:00 [INF] Category returned...
2021-05-10 22:31:36.875 +03:00 [INF] 1 getting from cache...
2021-05-10 22:31:36.876 +03:00 [INF] Category returned...
2021-05-10 22:31:38.563 +03:00 [INF] 1 getting from cache...
2021-05-10 22:31:38.563 +03:00 [INF] Category returned...
2021-05-10 22:31:39.847 +03:00 [INF] 1 getting from cache...
2021-05-10 22:31:39.847 +03:00 [INF] Category returned...
2021-05-10 22:31:40.609 +03:00 [INF] 1 getting from cache...
2021-05-10 22:31:40.609 +03:00 [INF] Category returned...
2021-05-10 22:31:41.320 +03:00 [INF] 1 getting from cache...
2021-05-10 22:31:41.320 +03:00 [INF] Category returned...
2021-05-10 22:31:41.939 +03:00 [INF] 1 getting from cache...
2021-05-10 22:31:41.939 +03:00 [INF] Category returned...
2021-05-10 22:31:42.571 +03:00 [INF] 1 getting from cache...
2021-05-10 22:31:42.571 +03:00 [INF] Category returned...
2021-05-10 22:31:43.205 +03:00 [INF] 1 getting from cache...
2021-05-10 22:31:43.205 +03:00 [INF] Category returned...
2021-05-10 22:31:43.780 +03:00 [INF] 1 getting from cache...
2021-05-10 22:31:43.781 +03:00 [INF] Category returned...
2021-05-10 22:31:44.416 +03:00 [INF] 1 getting from cache...
2021-05-10 22:31:44.417 +03:00 [INF] Category returned...
2021-05-10 22:34:38.979 +03:00 [INF] 1 getting from cache...
2021-05-10 22:34:39.137 +03:00 [INF] Category returned...
2021-05-10 22:35:04.942 +03:00 [ERR] No connection is available to service this operation: HMGET 1; SocketClosed (ReadEndOfStream, last-recv: 0) on localhost:6379/Subscription, Idle/MarkProcessed, last: SUBSCRIBE, origin: ReadFromPipe, outstanding: 0, last-read: 0s ago, last-write: 2s ago, keep-alive: 60s, state: ConnectedEstablished, mgr: 7 of 10 available, in: 0, in-pipe: 0, out-pipe: 0, last-heartbeat: 0s ago, last-mbeat: 0s ago, global: 0s ago, v: 2.0.593.37019; IOCP: (Busy=0,Free=1000,Min=4,Max=1000), WORKER: (Busy=1,Free=32766,Min=4,Max=32767), Local-CPU: n/a
2021-05-10 22:35:04.947 +03:00 [INF] Category returned...
2021-05-10 22:35:32.917 +03:00 [ERR] No connection is available to service this operation: HMGET 1; SocketClosed (ReadEndOfStream, last-recv: 0) on localhost:6379/Subscription, Idle/MarkProcessed, last: SUBSCRIBE, origin: ReadFromPipe, outstanding: 0, last-read: 0s ago, last-write: 2s ago, keep-alive: 60s, state: ConnectedEstablished, mgr: 7 of 10 available, in: 0, in-pipe: 0, out-pipe: 0, last-heartbeat: 0s ago, last-mbeat: 0s ago, global: 0s ago, v: 2.0.593.37019; IOCP: (Busy=0,Free=1000,Min=4,Max=1000), WORKER: (Busy=2,Free=32765,Min=4,Max=32767), Local-CPU: n/a
2021-05-10 22:35:32.921 +03:00 [INF] Category returned...
2021-05-10 22:35:34.334 +03:00 [ERR] No connection is available to service this operation: HMGET 1; SocketClosed (ReadEndOfStream, last-recv: 0) on localhost:6379/Subscription, Idle/MarkProcessed, last: SUBSCRIBE, origin: ReadFromPipe, outstanding: 0, last-read: 0s ago, last-write: 2s ago, keep-alive: 60s, state: ConnectedEstablished, mgr: 7 of 10 available, in: 0, in-pipe: 0, out-pipe: 0, last-heartbeat: 0s ago, last-mbeat: 0s ago, global: 0s ago, v: 2.0.593.37019; IOCP: (Busy=0,Free=1000,Min=4,Max=1000), WORKER: (Busy=2,Free=32765,Min=4,Max=32767), Local-CPU: n/a
2021-05-10 22:35:34.334 +03:00 [INF] Category returned...
2021-05-10 22:35:37.858 +03:00 [ERR] No connection is available to service this operation: HMGET 1; SocketClosed (ReadEndOfStream, last-recv: 0) on localhost:6379/Subscription, Idle/MarkProcessed, last: SUBSCRIBE, origin: ReadFromPipe, outstanding: 0, last-read: 0s ago, last-write: 2s ago, keep-alive: 60s, state: ConnectedEstablished, mgr: 7 of 10 available, in: 0, in-pipe: 0, out-pipe: 0, last-heartbeat: 0s ago, last-mbeat: 0s ago, global: 0s ago, v: 2.0.593.37019; IOCP: (Busy=0,Free=1000,Min=4,Max=1000), WORKER: (Busy=2,Free=32765,Min=4,Max=32767), Local-CPU: n/a
2021-05-10 22:35:37.858 +03:00 [INF] Category returned...
2021-05-10 22:35:52.171 +03:00 [INF] 1 getting from cache...
2021-05-10 22:35:52.171 +03:00 [INF] Category returned...
2021-05-10 22:35:53.530 +03:00 [INF] 1 getting from cache...
2021-05-10 22:35:53.532 +03:00 [INF] Category returned...
2021-05-10 22:35:54.452 +03:00 [INF] 1 getting from cache...
2021-05-10 22:35:54.453 +03:00 [INF] Category returned...
2021-05-10 22:37:13.036 +03:00 [INF] Starting category services...
